<?xml version="1.0" encoding="UTF-8"?>
<robot generator="Robot 5.0.1 (Python 3.10.7 on win32)" generated="20220928 23:02:56.084" rpa="false" schemaversion="3">
<suite id="s1" name="Webautomation" source="C:\Users\cryst\OneDrive\Área de Trabalho\robot\webautomation.robot">
<test id="s1-t1" name="Cenario: Buscando uma Bag" line="17">
<kw name="Abrir o meu navegador" type="SETUP">
<kw name="Open Browser" library="SeleniumLibrary">
<arg>${URL}</arg>
<arg>${BROWSER}</arg>
<doc>Opens a new browser instance to the optional ``url``.</doc>
<msg timestamp="20220928 23:02:56.558" level="INFO">Opening browser 'chrome' to base url 'https://learningprime.com.br/'.</msg>
<status status="PASS" starttime="20220928 23:02:56.557" endtime="20220928 23:03:03.414"/>
</kw>
<kw name="Set Selenium Implicit Wait" library="SeleniumLibrary">
<arg>30</arg>
<doc>Sets the implicit wait value used by Selenium.</doc>
<status status="PASS" starttime="20220928 23:03:03.415" endtime="20220928 23:03:03.420"/>
</kw>
<kw name="Maximize Browser Window" library="SeleniumLibrary">
<doc>Maximizes current browser window.</doc>
<status status="PASS" starttime="20220928 23:03:03.421" endtime="20220928 23:03:03.561"/>
</kw>
<status status="PASS" starttime="20220928 23:02:56.557" endtime="20220928 23:03:03.561"/>
</kw>
<kw name="Dado que eu esteja na tela Home do site">
<kw name="Title Should Be" library="SeleniumLibrary">
<arg>Learning Prime Store</arg>
<doc>Verifies that the current page title equals ``title``.</doc>
<msg timestamp="20220928 23:03:03.569" level="INFO">Page title is 'Learning Prime Store'.</msg>
<status status="PASS" starttime="20220928 23:03:03.562" endtime="20220928 23:03:03.569"/>
</kw>
<kw name="Wait Until Element Is Visible" library="SeleniumLibrary">
<arg>xpath=//*[contains(text(), 'Comprar por Categories')]</arg>
<doc>Waits until the element ``locator`` is visible.</doc>
<status status="PASS" starttime="20220928 23:03:03.569" endtime="20220928 23:03:03.618"/>
</kw>
<status status="PASS" starttime="20220928 23:03:03.561" endtime="20220928 23:03:03.618"/>
</kw>
<kw name="Quando pesquisar o produto">
<arg>Bag</arg>
<kw name="Input Text" library="SeleniumLibrary">
<arg>xpath=//input[@placeholder='Busca' and @type='search']</arg>
<arg>${PRODUTO}</arg>
<doc>Types the given ``text`` into the text field identified by ``locator``.</doc>
<msg timestamp="20220928 23:03:03.620" level="INFO">Typing text 'Bag' into text field 'xpath=//input[@placeholder='Busca' and @type='search']'.</msg>
<status status="PASS" starttime="20220928 23:03:03.619" endtime="20220928 23:03:03.751"/>
</kw>
<kw name="Click Element" library="SeleniumLibrary">
<arg>xpath=//*[@type='submit' and @value='Busca']</arg>
<doc>Click the element identified by ``locator``.</doc>
<msg timestamp="20220928 23:03:03.752" level="INFO">Clicking element 'xpath=//*[@type='submit' and @value='Busca']'.</msg>
<status status="PASS" starttime="20220928 23:03:03.751" endtime="20220928 23:03:04.525"/>
</kw>
<status status="PASS" starttime="20220928 23:03:03.619" endtime="20220928 23:03:04.525"/>
</kw>
<kw name="Então o produto deve ser apresentado com sucesso">
<kw name="Wait Until Page Contains" library="SeleniumLibrary">
<arg>Resultados da busca por 'Bag'</arg>
<doc>Waits until ``text`` appears on the current page.</doc>
<status status="PASS" starttime="20220928 23:03:04.527" endtime="20220928 23:03:04.619"/>
</kw>
<kw name="Page Should Contain Image" library="SeleniumLibrary">
<arg>xpath=//img[@src="/spree/products/23/small/ror_bag.jpeg?1552494900"]</arg>
<doc>Verifies image identified by ``locator`` is found from current page.</doc>
<msg timestamp="20220928 23:03:04.641" level="INFO">Current page contains image 'xpath=//img[@src="/spree/products/23/small/ror_bag.jpeg?1552494900"]'.</msg>
<status status="PASS" starttime="20220928 23:03:04.620" endtime="20220928 23:03:04.641"/>
</kw>
<status status="PASS" starttime="20220928 23:03:04.526" endtime="20220928 23:03:04.642"/>
</kw>
<kw name="E a seguinte mensagem deve ser apresentada">
<arg>Resultados da busca por 'Bag'</arg>
<kw name="Wait Until Page Contains" library="SeleniumLibrary">
<arg>${MESSAGE}</arg>
<doc>Waits until ``text`` appears on the current page.</doc>
<status status="PASS" starttime="20220928 23:03:04.643" endtime="20220928 23:03:04.657"/>
</kw>
<status status="PASS" starttime="20220928 23:03:04.642" endtime="20220928 23:03:04.657"/>
</kw>
<kw name="Fechar navegador" type="TEARDOWN">
<kw name="Capture Page Screenshot" library="SeleniumLibrary">
<doc>Takes a screenshot of the current page and embeds it into a log file.</doc>
<msg timestamp="20220928 23:03:04.788" level="INFO" html="true">&lt;/td&gt;&lt;/tr&gt;&lt;tr&gt;&lt;td colspan="3"&gt;&lt;a href="selenium-screenshot-11.png"&gt;&lt;img src="selenium-screenshot-11.png" width="800px"&gt;&lt;/a&gt;</msg>
<status status="PASS" starttime="20220928 23:03:04.658" endtime="20220928 23:03:04.788"/>
</kw>
<kw name="Close Browser" library="SeleniumLibrary">
<doc>Closes the current browser.</doc>
<status status="PASS" starttime="20220928 23:03:04.788" endtime="20220928 23:03:07.224"/>
</kw>
<status status="PASS" starttime="20220928 23:03:04.658" endtime="20220928 23:03:07.224"/>
</kw>
<tag>BUSCA</tag>
<status status="PASS" starttime="20220928 23:02:56.555" endtime="20220928 23:03:07.225"/>
</test>
<test id="s1-t2" name="Cenario: Buscar Mug com sucesso" line="24">
<kw name="Abrir o meu navegador" type="SETUP">
<kw name="Open Browser" library="SeleniumLibrary">
<arg>${URL}</arg>
<arg>${BROWSER}</arg>
<doc>Opens a new browser instance to the optional ``url``.</doc>
<msg timestamp="20220928 23:03:07.240" level="INFO">Opening browser 'chrome' to base url 'https://learningprime.com.br/'.</msg>
<status status="PASS" starttime="20220928 23:03:07.236" endtime="20220928 23:03:14.079"/>
</kw>
<kw name="Set Selenium Implicit Wait" library="SeleniumLibrary">
<arg>30</arg>
<doc>Sets the implicit wait value used by Selenium.</doc>
<status status="PASS" starttime="20220928 23:03:14.080" endtime="20220928 23:03:14.086"/>
</kw>
<kw name="Maximize Browser Window" library="SeleniumLibrary">
<doc>Maximizes current browser window.</doc>
<status status="PASS" starttime="20220928 23:03:14.086" endtime="20220928 23:03:14.219"/>
</kw>
<status status="PASS" starttime="20220928 23:03:07.234" endtime="20220928 23:03:14.220"/>
</kw>
<kw name="Dado que eu esteja na tela Home do site">
<kw name="Title Should Be" library="SeleniumLibrary">
<arg>Learning Prime Store</arg>
<doc>Verifies that the current page title equals ``title``.</doc>
<msg timestamp="20220928 23:03:14.227" level="INFO">Page title is 'Learning Prime Store'.</msg>
<status status="PASS" starttime="20220928 23:03:14.221" endtime="20220928 23:03:14.227"/>
</kw>
<kw name="Wait Until Element Is Visible" library="SeleniumLibrary">
<arg>xpath=//*[contains(text(), 'Comprar por Categories')]</arg>
<doc>Waits until the element ``locator`` is visible.</doc>
<status status="PASS" starttime="20220928 23:03:14.227" endtime="20220928 23:03:14.344"/>
</kw>
<status status="PASS" starttime="20220928 23:03:14.220" endtime="20220928 23:03:14.345"/>
</kw>
<kw name="Quando pesquisar o produto">
<arg>Mug</arg>
<kw name="Input Text" library="SeleniumLibrary">
<arg>xpath=//input[@placeholder='Busca' and @type='search']</arg>
<arg>${PRODUTO}</arg>
<doc>Types the given ``text`` into the text field identified by ``locator``.</doc>
<msg timestamp="20220928 23:03:14.360" level="INFO">Typing text 'Mug' into text field 'xpath=//input[@placeholder='Busca' and @type='search']'.</msg>
<status status="PASS" starttime="20220928 23:03:14.359" endtime="20220928 23:03:14.530"/>
</kw>
<kw name="Click Element" library="SeleniumLibrary">
<arg>xpath=//*[@type='submit' and @value='Busca']</arg>
<doc>Click the element identified by ``locator``.</doc>
<msg timestamp="20220928 23:03:14.531" level="INFO">Clicking element 'xpath=//*[@type='submit' and @value='Busca']'.</msg>
<status status="PASS" starttime="20220928 23:03:14.530" endtime="20220928 23:03:15.381"/>
</kw>
<status status="PASS" starttime="20220928 23:03:14.358" endtime="20220928 23:03:15.381"/>
</kw>
<kw name="E a seguinte mensagem deve ser apresentada">
<arg>Resultados da busca por 'Mug'</arg>
<kw name="Wait Until Page Contains" library="SeleniumLibrary">
<arg>${MESSAGE}</arg>
<doc>Waits until ``text`` appears on the current page.</doc>
<status status="PASS" starttime="20220928 23:03:15.383" endtime="20220928 23:03:15.405"/>
</kw>
<status status="PASS" starttime="20220928 23:03:15.382" endtime="20220928 23:03:15.405"/>
</kw>
<kw name="Então o teste é concluído com sucesso">
<kw name="Page Should Contain Image" library="SeleniumLibrary">
<arg>xpath=//img[@src='/spree/products/27/small/ror_mug.jpeg?1552494901']</arg>
<doc>Verifies image identified by ``locator`` is found from current page.</doc>
<msg timestamp="20220928 23:03:15.426" level="INFO">Current page contains image 'xpath=//img[@src='/spree/products/27/small/ror_mug.jpeg?1552494901']'.</msg>
<status status="PASS" starttime="20220928 23:03:15.406" endtime="20220928 23:03:15.426"/>
</kw>
<status status="PASS" starttime="20220928 23:03:15.406" endtime="20220928 23:03:15.426"/>
</kw>
<kw name="Fechar navegador" type="TEARDOWN">
<kw name="Capture Page Screenshot" library="SeleniumLibrary">
<doc>Takes a screenshot of the current page and embeds it into a log file.</doc>
<msg timestamp="20220928 23:03:15.548" level="INFO" html="true">&lt;/td&gt;&lt;/tr&gt;&lt;tr&gt;&lt;td colspan="3"&gt;&lt;a href="selenium-screenshot-12.png"&gt;&lt;img src="selenium-screenshot-12.png" width="800px"&gt;&lt;/a&gt;</msg>
<status status="PASS" starttime="20220928 23:03:15.428" endtime="20220928 23:03:15.548"/>
</kw>
<kw name="Close Browser" library="SeleniumLibrary">
<doc>Closes the current browser.</doc>
<status status="PASS" starttime="20220928 23:03:15.548" endtime="20220928 23:03:17.930"/>
</kw>
<status status="PASS" starttime="20220928 23:03:15.427" endtime="20220928 23:03:17.930"/>
</kw>
<status status="PASS" starttime="20220928 23:03:07.231" endtime="20220928 23:03:17.932"/>
</test>
<test id="s1-t3" name="Cenario: Validando cadastro com sucesso no learningprime" line="30">
<kw name="Abrir o meu navegador" type="SETUP">
<kw name="Open Browser" library="SeleniumLibrary">
<arg>${URL}</arg>
<arg>${BROWSER}</arg>
<doc>Opens a new browser instance to the optional ``url``.</doc>
<msg timestamp="20220928 23:03:17.943" level="INFO">Opening browser 'chrome' to base url 'https://learningprime.com.br/'.</msg>
<status status="PASS" starttime="20220928 23:03:17.942" endtime="20220928 23:03:25.219"/>
</kw>
<kw name="Set Selenium Implicit Wait" library="SeleniumLibrary">
<arg>30</arg>
<doc>Sets the implicit wait value used by Selenium.</doc>
<status status="PASS" starttime="20220928 23:03:25.220" endtime="20220928 23:03:25.223"/>
</kw>
<kw name="Maximize Browser Window" library="SeleniumLibrary">
<doc>Maximizes current browser window.</doc>
<status status="PASS" starttime="20220928 23:03:25.223" endtime="20220928 23:03:25.349"/>
</kw>
<status status="PASS" starttime="20220928 23:03:17.940" endtime="20220928 23:03:25.350"/>
</kw>
<kw name="Dado que eu esteja na tela de cadastro">
<kw name="Wait Until Element Is Visible" library="SeleniumLibrary">
<arg>xpath=//a[@href='/login']</arg>
<doc>Waits until the element ``locator`` is visible.</doc>
<status status="PASS" starttime="20220928 23:03:25.353" endtime="20220928 23:03:25.399"/>
</kw>
<kw name="Click Element" library="SeleniumLibrary">
<arg>xpath=//a[@href='/login']</arg>
<doc>Click the element identified by ``locator``.</doc>
<msg timestamp="20220928 23:03:25.400" level="INFO">Clicking element 'xpath=//a[@href='/login']'.</msg>
<status status="PASS" starttime="20220928 23:03:25.399" endtime="20220928 23:03:26.246"/>
</kw>
<kw name="Wait Until Element Is Visible" library="SeleniumLibrary">
<arg>xpath=//a[@href='/signup']</arg>
<doc>Waits until the element ``locator`` is visible.</doc>
<status status="PASS" starttime="20220928 23:03:26.247" endtime="20220928 23:03:26.315"/>
</kw>
<kw name="Click Element" library="SeleniumLibrary">
<arg>xpath=//a[@href='/signup']</arg>
<doc>Click the element identified by ``locator``.</doc>
<msg timestamp="20220928 23:03:26.315" level="INFO">Clicking element 'xpath=//a[@href='/signup']'.</msg>
<status status="PASS" starttime="20220928 23:03:26.315" endtime="20220928 23:03:27.017"/>
</kw>
<kw name="Wait Until Page Contains" library="SeleniumLibrary">
<arg>Novo Cliente</arg>
<doc>Waits until ``text`` appears on the current page.</doc>
<status status="PASS" starttime="20220928 23:03:27.017" endtime="20220928 23:03:27.116"/>
</kw>
<status status="PASS" starttime="20220928 23:03:25.351" endtime="20220928 23:03:27.117"/>
</kw>
<kw name="E informe todos os dados necessários">
<kw name="Input Text" library="SeleniumLibrary">
<arg>id=spree_user_email</arg>
<arg>qingxia6863@uorak.com</arg>
<doc>Types the given ``text`` into the text field identified by ``locator``.</doc>
<msg timestamp="20220928 23:03:27.118" level="INFO">Typing text 'qingxia6863@uorak.com' into text field 'id=spree_user_email'.</msg>
<status status="PASS" starttime="20220928 23:03:27.118" endtime="20220928 23:03:27.299"/>
</kw>
<kw name="Input Text" library="SeleniumLibrary">
<arg>id=spree_user_password</arg>
<arg>123456789</arg>
<doc>Types the given ``text`` into the text field identified by ``locator``.</doc>
<msg timestamp="20220928 23:03:27.299" level="INFO">Typing text '123456789' into text field 'id=spree_user_password'.</msg>
<status status="PASS" starttime="20220928 23:03:27.299" endtime="20220928 23:03:27.427"/>
</kw>
<kw name="Input Text" library="SeleniumLibrary">
<arg>id=spree_user_password_confirmation</arg>
<arg>123456789</arg>
<doc>Types the given ``text`` into the text field identified by ``locator``.</doc>
<msg timestamp="20220928 23:03:27.427" level="INFO">Typing text '123456789' into text field 'id=spree_user_password_confirmation'.</msg>
<status status="PASS" starttime="20220928 23:03:27.427" endtime="20220928 23:03:27.555"/>
</kw>
<status status="PASS" starttime="20220928 23:03:27.117" endtime="20220928 23:03:27.555"/>
</kw>
<kw name="Quando finalizar o cadastro">
<kw name="Click Element" library="SeleniumLibrary">
<arg>xpath=//input[@value="Criar" and @type="submit"]</arg>
<doc>Click the element identified by ``locator``.</doc>
<msg timestamp="20220928 23:03:27.557" level="INFO">Clicking element 'xpath=//input[@value="Criar" and @type="submit"]'.</msg>
<status status="PASS" starttime="20220928 23:03:27.556" endtime="20220928 23:03:29.324"/>
</kw>
<status status="PASS" starttime="20220928 23:03:27.556" endtime="20220928 23:03:29.324"/>
</kw>
<kw name="Então devo ser direcionado para a tela home do site">
<kw name="Wait Until Element Is Visible" library="SeleniumLibrary">
<arg>xpath=//a[@href='/account']</arg>
<doc>Waits until the element ``locator`` is visible.</doc>
<status status="PASS" starttime="20220928 23:03:29.325" endtime="20220928 23:03:29.387"/>
</kw>
<status status="PASS" starttime="20220928 23:03:29.325" endtime="20220928 23:03:29.387"/>
</kw>
<kw name="E a seguinte mensagem deve ser apresentada">
<arg>Bem vindo! Seu cadastro foi feito com sucesso.</arg>
<kw name="Wait Until Page Contains" library="SeleniumLibrary">
<arg>${MESSAGE}</arg>
<doc>Waits until ``text`` appears on the current page.</doc>
<status status="PASS" starttime="20220928 23:03:29.390" endtime="20220928 23:03:29.422"/>
</kw>
<status status="PASS" starttime="20220928 23:03:29.389" endtime="20220928 23:03:29.422"/>
</kw>
<kw name="Fechar navegador" type="TEARDOWN">
<kw name="Capture Page Screenshot" library="SeleniumLibrary">
<doc>Takes a screenshot of the current page and embeds it into a log file.</doc>
<msg timestamp="20220928 23:03:29.588" level="INFO" html="true">&lt;/td&gt;&lt;/tr&gt;&lt;tr&gt;&lt;td colspan="3"&gt;&lt;a href="selenium-screenshot-13.png"&gt;&lt;img src="selenium-screenshot-13.png" width="800px"&gt;&lt;/a&gt;</msg>
<status status="PASS" starttime="20220928 23:03:29.426" endtime="20220928 23:03:29.589"/>
</kw>
<kw name="Close Browser" library="SeleniumLibrary">
<doc>Closes the current browser.</doc>
<status status="PASS" starttime="20220928 23:03:29.589" endtime="20220928 23:03:32.348"/>
</kw>
<status status="PASS" starttime="20220928 23:03:29.426" endtime="20220928 23:03:32.349"/>
</kw>
<tag>CADASTRO</tag>
<status status="PASS" starttime="20220928 23:03:17.937" endtime="20220928 23:03:32.353"/>
</test>
<doc>Aqui neste arquivo estaram presentes todos os tipos de
variáveis que iremos estudar ao longo do treinamento.</doc>
<status status="PASS" starttime="20220928 23:02:56.092" endtime="20220928 23:03:32.364"/>
</suite>
<statistics>
<total>
<stat pass="3" fail="0" skip="0">All Tests</stat>
</total>
<tag>
<stat pass="1" fail="0" skip="0">BUSCA</stat>
<stat pass="1" fail="0" skip="0">CADASTRO</stat>
</tag>
<suite>
<stat pass="3" fail="0" skip="0" id="s1" name="Webautomation">Webautomation</stat>
</suite>
</statistics>
<errors>
</errors>
</robot>
