<?xml version="1.0" encoding="UTF-8"?>
<robot generator="Robot 5.0.1 (Python 3.10.7 on win32)" generated="20220927 21:03:47.457" rpa="false" schemaversion="3">
<suite id="s1" name="Webautomation" source="C:\Users\cryst\OneDrive\Área de Trabalho\robot\webautomation.robot">
<test id="s1-t1" name="Cenario: Buscando um roupa" line="17">
<kw name="Abrir o meu navegador" type="SETUP">
<kw name="Open Browser" library="SeleniumLibrary">
<arg>${URL}</arg>
<arg>${BROWSER}</arg>
<doc>Opens a new browser instance to the optional ``url``.</doc>
<msg timestamp="20220927 21:03:49.812" level="INFO">Opening browser 'chrome' to base url 'https://learningprime.com.br/'.</msg>
<status status="PASS" starttime="20220927 21:03:49.811" endtime="20220927 21:04:01.011"/>
</kw>
<kw name="Set Selenium Implicit Wait" library="SeleniumLibrary">
<arg>30</arg>
<doc>Sets the implicit wait value used by Selenium.</doc>
<status status="PASS" starttime="20220927 21:04:01.011" endtime="20220927 21:04:01.016"/>
</kw>
<kw name="Maximize Browser Window" library="SeleniumLibrary">
<doc>Maximizes current browser window.</doc>
<status status="PASS" starttime="20220927 21:04:01.016" endtime="20220927 21:04:01.183"/>
</kw>
<status status="PASS" starttime="20220927 21:03:49.810" endtime="20220927 21:04:01.184"/>
</kw>
<kw name="Dado que eu esteja na tela Home do site">
<kw name="Title Should Be" library="SeleniumLibrary">
<arg>Learning Prime Store</arg>
<doc>Verifies that the current page title equals ``title``.</doc>
<msg timestamp="20220927 21:04:01.206" level="INFO">Page title is 'Learning Prime Store'.</msg>
<status status="PASS" starttime="20220927 21:04:01.185" endtime="20220927 21:04:01.206"/>
</kw>
<kw name="Wait Until Element Is Visible" library="SeleniumLibrary">
<arg>xpath=//*[contains(text(), 'Comprar por Categories')]</arg>
<doc>Waits until the element ``locator`` is visible.</doc>
<status status="PASS" starttime="20220927 21:04:01.206" endtime="20220927 21:04:01.391"/>
</kw>
<status status="PASS" starttime="20220927 21:04:01.184" endtime="20220927 21:04:01.391"/>
</kw>
<kw name="Quando pesquisar o produto">
<kw name="Input Text" library="SeleniumLibrary">
<arg>xpath=//input[@placeholder='Busca' and @type='search']</arg>
<arg>Bag</arg>
<doc>Types the given ``text`` into the text field identified by ``locator``.</doc>
<msg timestamp="20220927 21:04:01.395" level="INFO">Typing text 'Bag' into text field 'xpath=//input[@placeholder='Busca' and @type='search']'.</msg>
<status status="PASS" starttime="20220927 21:04:01.394" endtime="20220927 21:04:01.559"/>
</kw>
<kw name="Click Element" library="SeleniumLibrary">
<arg>xpath=//*[@type='submit' and @value='Busca']</arg>
<doc>Click the element identified by ``locator``.</doc>
<msg timestamp="20220927 21:04:01.560" level="INFO">Clicking element 'xpath=//*[@type='submit' and @value='Busca']'.</msg>
<status status="PASS" starttime="20220927 21:04:01.559" endtime="20220927 21:04:02.633"/>
</kw>
<status status="PASS" starttime="20220927 21:04:01.393" endtime="20220927 21:04:02.634"/>
</kw>
<kw name="Então o produto deve ser apresentado com sucesso">
<kw name="Wait Until Page Contains" library="SeleniumLibrary">
<arg>Resultados da busca por 'Bag'</arg>
<doc>Waits until ``text`` appears on the current page.</doc>
<status status="PASS" starttime="20220927 21:04:02.636" endtime="20220927 21:04:02.706"/>
</kw>
<kw name="Page Should Contain Image" library="SeleniumLibrary">
<arg>xpath=//img[@src="/spree/products/23/small/ror_bag.jpeg?1552494900"]</arg>
<doc>Verifies image identified by ``locator`` is found from current page.</doc>
<msg timestamp="20220927 21:04:02.750" level="INFO">Current page contains image 'xpath=//img[@src="/spree/products/23/small/ror_bag.jpeg?1552494900"]'.</msg>
<status status="PASS" starttime="20220927 21:04:02.706" endtime="20220927 21:04:02.750"/>
</kw>
<kw name="Sleep" library="BuiltIn">
<arg>5</arg>
<doc>Pauses the test executed for the given time.</doc>
<msg timestamp="20220927 21:04:07.753" level="INFO">Slept 5 seconds</msg>
<status status="PASS" starttime="20220927 21:04:02.750" endtime="20220927 21:04:07.753"/>
</kw>
<status status="PASS" starttime="20220927 21:04:02.635" endtime="20220927 21:04:07.753"/>
</kw>
<kw name="Fechar navegador" type="TEARDOWN">
<kw name="Capture Page Screenshot" library="SeleniumLibrary">
<doc>Takes a screenshot of the current page and embeds it into a log file.</doc>
<msg timestamp="20220927 21:04:07.891" level="INFO" html="true">&lt;/td&gt;&lt;/tr&gt;&lt;tr&gt;&lt;td colspan="3"&gt;&lt;a href="selenium-screenshot-4.png"&gt;&lt;img src="selenium-screenshot-4.png" width="800px"&gt;&lt;/a&gt;</msg>
<status status="PASS" starttime="20220927 21:04:07.758" endtime="20220927 21:04:07.891"/>
</kw>
<kw name="Close Browser" library="SeleniumLibrary">
<doc>Closes the current browser.</doc>
<status status="PASS" starttime="20220927 21:04:07.891" endtime="20220927 21:04:11.020"/>
</kw>
<status status="PASS" starttime="20220927 21:04:07.757" endtime="20220927 21:04:11.020"/>
</kw>
<tag>BUSCA</tag>
<status status="PASS" starttime="20220927 21:03:49.807" endtime="20220927 21:04:11.021"/>
</test>
<doc>Aqui neste arquivo estaram presentes todos os tipos de
variáveis que iremos estudar ao longo do treinamento.</doc>
<status status="PASS" starttime="20220927 21:03:47.470" endtime="20220927 21:04:11.024"/>
</suite>
<statistics>
<total>
<stat pass="1" fail="0" skip="0">All Tests</stat>
</total>
<tag>
<stat pass="1" fail="0" skip="0">BUSCA</stat>
</tag>
<suite>
<stat pass="1" fail="0" skip="0" id="s1" name="Webautomation">Webautomation</stat>
</suite>
</statistics>
<errors>
</errors>
</robot>
